C:\Program Files\Microsoft Visual Studio\2022\Community\MSBuild\Microsoft\VC\v170\Microsoft.CppBuild.targets(514,5): warning MSB8028: The intermediate directory (C:\Users\niklas.jakobsen\Documents\Z-Engine-new\Intermediates\x64\Debug\) contains files shared from another project (ToolBox.vcxproj, Z-Engine.vcxproj).  This can lead to incorrect clean and rebuild behavior.
  Lancher.cpp
C:\Program Files (x86)\Windows Kits\10\Include\10.0.19041.0\um\winbase.h(9531,5): warning C5105: macro expansion producing 'defined' has undefined behavior
C:\Program Files (x86)\Windows Kits\10\Include\10.0.19041.0\winrt\wrl\module.h(1275,10): warning C5104: found 'L#serverName' in macro replacement list, did you mean 'L""#serverName'?
C:\Users\niklas.jakobsen\Documents\Z-Engine-new\Dependencies\include\assimp\material.inl(101,47): error C2589: '(': illegal token on right side of '::'
C:\Users\niklas.jakobsen\Documents\Z-Engine-new\Dependencies\include\assimp\material.h(725,14): message : This diagnostic occurred in the compiler generated function 'aiReturn aiMaterial::Get(const char *,unsigned int,unsigned int,Type *,unsigned int *) const'
C:\Users\niklas.jakobsen\Documents\Z-Engine-new\Dependencies\include\assimp\material.inl(101,47): error C2760: syntax error: '(' was unexpected here; expected ')'
C:\Users\niklas.jakobsen\Documents\Z-Engine-new\Dependencies\include\assimp\material.h(725,14): message : This diagnostic occurred in the compiler generated function 'aiReturn aiMaterial::Get(const char *,unsigned int,unsigned int,Type *,unsigned int *) const'
C:\Users\niklas.jakobsen\Documents\Z-Engine-new\Dependencies\include\assimp\material.inl(101,47): error C3878: syntax error: unexpected token '(' following 'expression'
C:\Users\niklas.jakobsen\Documents\Z-Engine-new\Dependencies\include\assimp\material.h(725,14): message : This diagnostic occurred in the compiler generated function 'aiReturn aiMaterial::Get(const char *,unsigned int,unsigned int,Type *,unsigned int *) const'
C:\Users\niklas.jakobsen\Documents\Z-Engine-new\Dependencies\include\assimp\material.inl(101,47): message : error recovery skipped: '( static_cast <  . . . identifier'
C:\Users\niklas.jakobsen\Documents\Z-Engine-new\Dependencies\include\assimp\material.h(725,14): message : This diagnostic occurred in the compiler generated function 'aiReturn aiMaterial::Get(const char *,unsigned int,unsigned int,Type *,unsigned int *) const'
C:\Users\niklas.jakobsen\Documents\Z-Engine-new\Dependencies\include\assimp\material.inl(101,47): error C2760: syntax error: ')' was unexpected here; expected ';'
C:\Users\niklas.jakobsen\Documents\Z-Engine-new\Dependencies\include\assimp\material.h(725,14): message : This diagnostic occurred in the compiler generated function 'aiReturn aiMaterial::Get(const char *,unsigned int,unsigned int,Type *,unsigned int *) const'
C:\Users\niklas.jakobsen\Documents\Z-Engine-new\Dependencies\include\assimp\material.inl(101,47): error C3878: syntax error: unexpected token ')' following 'expression_statement'
C:\Users\niklas.jakobsen\Documents\Z-Engine-new\Dependencies\include\assimp\material.h(725,14): message : This diagnostic occurred in the compiler generated function 'aiReturn aiMaterial::Get(const char *,unsigned int,unsigned int,Type *,unsigned int *) const'
C:\Users\niklas.jakobsen\Documents\Z-Engine-new\Dependencies\include\assimp\material.inl(101,47): error C3878: syntax error: unexpected token ')' following 'statement'
C:\Users\niklas.jakobsen\Documents\Z-Engine-new\Dependencies\include\assimp\material.h(725,14): message : This diagnostic occurred in the compiler generated function 'aiReturn aiMaterial::Get(const char *,unsigned int,unsigned int,Type *,unsigned int *) const'
C:\Users\niklas.jakobsen\Documents\Z-Engine-new\Dependencies\include\assimp\material.inl(101,47): error C3878: syntax error: unexpected token ')' following 'statement_seq'
C:\Users\niklas.jakobsen\Documents\Z-Engine-new\Dependencies\include\assimp\material.inl(101,47): message : missing one of:  '}' ?
C:\Users\niklas.jakobsen\Documents\Z-Engine-new\Dependencies\include\assimp\material.h(725,14): message : This diagnostic occurred in the compiler generated function 'aiReturn aiMaterial::Get(const char *,unsigned int,unsigned int,Type *,unsigned int *) const'
C:\Users\niklas.jakobsen\Documents\Z-Engine-new\Dependencies\include\assimp\material.inl(101,47): error C2760: syntax error: ')' was unexpected here; expected '}'
C:\Users\niklas.jakobsen\Documents\Z-Engine-new\Dependencies\include\assimp\material.h(725,14): message : This diagnostic occurred in the compiler generated function 'aiReturn aiMaterial::Get(const char *,unsigned int,unsigned int,Type *,unsigned int *) const'
C:\Users\niklas.jakobsen\Documents\Z-Engine-new\Dependencies\include\assimp\material.inl(101,47): error C3878: syntax error: unexpected token ')' following 'compound_statement'
C:\Users\niklas.jakobsen\Documents\Z-Engine-new\Dependencies\include\assimp\material.h(725,14): message : This diagnostic occurred in the compiler generated function 'aiReturn aiMaterial::Get(const char *,unsigned int,unsigned int,Type *,unsigned int *) const'
C:\Users\niklas.jakobsen\Documents\Z-Engine-new\Dependencies\include\assimp\material.inl(101,47): error C3878: syntax error: unexpected token ')' following 'selection_statement'
C:\Users\niklas.jakobsen\Documents\Z-Engine-new\Dependencies\include\assimp\material.h(725,14): message : This diagnostic occurred in the compiler generated function 'aiReturn aiMaterial::Get(const char *,unsigned int,unsigned int,Type *,unsigned int *) const'
C:\Users\niklas.jakobsen\Documents\Z-Engine-new\Dependencies\include\assimp\material.inl(101,47): message : error recovery skipped: ') ) <'
C:\Users\niklas.jakobsen\Documents\Z-Engine-new\Dependencies\include\assimp\material.h(725,14): message : This diagnostic occurred in the compiler generated function 'aiReturn aiMaterial::Get(const char *,unsigned int,unsigned int,Type *,unsigned int *) const'
C:\Users\niklas.jakobsen\Documents\Z-Engine-new\Dependencies\include\assimp\material.inl(101,47): message : error recovery skipped: ') ?'
C:\Users\niklas.jakobsen\Documents\Z-Engine-new\Dependencies\include\assimp\material.h(725,14): message : This diagnostic occurred in the compiler generated function 'aiReturn aiMaterial::Get(const char *,unsigned int,unsigned int,Type *,unsigned int *) const'
C:\Users\niklas.jakobsen\Documents\Z-Engine-new\Dependencies\include\assimp\material.inl(101,47): error C2760: syntax error: ':' was unexpected here; expected ';'
C:\Users\niklas.jakobsen\Documents\Z-Engine-new\Dependencies\include\assimp\material.h(725,14): message : This diagnostic occurred in the compiler generated function 'aiReturn aiMaterial::Get(const char *,unsigned int,unsigned int,Type *,unsigned int *) const'
C:\Users\niklas.jakobsen\Documents\Z-Engine-new\Dependencies\include\assimp\material.inl(101,47): error C3878: syntax error: unexpected token ':' following 'expression_statement'
C:\Users\niklas.jakobsen\Documents\Z-Engine-new\Dependencies\include\assimp\material.h(725,14): message : This diagnostic occurred in the compiler generated function 'aiReturn aiMaterial::Get(const char *,unsigned int,unsigned int,Type *,unsigned int *) const'
C:\Users\niklas.jakobsen\Documents\Z-Engine-new\Dependencies\include\assimp\material.inl(101,47): message : error recovery skipped: ':'
C:\Users\niklas.jakobsen\Documents\Z-Engine-new\Dependencies\include\assimp\material.h(725,14): message : This diagnostic occurred in the compiler generated function 'aiReturn aiMaterial::Get(const char *,unsigned int,unsigned int,Type *,unsigned int *) const'
C:\Users\niklas.jakobsen\Documents\Z-Engine-new\Dependencies\include\assimp\material.inl(101,47): message : error recovery skipped: ') )'
C:\Users\niklas.jakobsen\Documents\Z-Engine-new\Dependencies\include\assimp\material.h(725,14): message : This diagnostic occurred in the compiler generated function 'aiReturn aiMaterial::Get(const char *,unsigned int,unsigned int,Type *,unsigned int *) const'
